********************************************************************************
DUPLICATOR-LITE PACKAGE-LOG: 31 January، 2023 4:44 am
NOTICE: Do NOT post to public sites or forums 
********************************************************************************
VERSION:	1.5.2
WORDPRESS:	6.1.1
PHP INFO:	8.0.11 | SAPI: apache2handler
SERVER:		Apache/2.4.51 (Win64) OpenSSL/1.1.1l PHP/8.0.11 
PHP TIME LIMIT: (0) no time limit imposed 
PHP MAX MEMORY: 4294967296 (512M default) 
MEMORY STACK: 30MB

********************************************************************************
DATABASE:
********************************************************************************
BUILD MODE:   MYSQLDUMP
MYSQLTIMEOUT: 5000
MYSQLDUMP:    Is Supported
SQL CREATED: 20230131_agronix_a31d6d1b0200bf648261_20230131044329_database.sql
SQL FILE SIZE: 2.96MB (3107925)
SQL FILE TIME: 2023-01-31 04:45:06
SQL RUNTIME: 8.96 sec.

********************************************************************************
ARCHIVE (ZIP):
********************************************************************************
ARCHIVE DIR:  C:/xampp/htdocs/wordpress/Agronix
ARCHIVE FILE: 20230131_agronix_a31d6d1b0200bf648261_20230131044329_archive.zip
FILTERS: *OFF*
DIRS:
	not set
FILES:
	not set
EXTS:  not set
----------------------------------------
COMPRESSING
SIZE:	239.15MB
STATS:	Dirs 2,571 | Files 13,946
SQL ADDED: 20230131_agronix_a31d6d1b0200bf648261_20230131044329_database.sql
ZipArchive Object
(
    [lastId] => 16516
    [status] => 0
    [statusSys] => 0
    [numFiles] => 16517
    [filename] => C:\xampp\htdocs\wordpress\Agronix\wp-content\backups-dup-lite\tmp\20230131_agronix_a31d6d1b0200bf648261_20230131044329_archive.zip
    [comment] => 
)

FILE ADDED TO ZIP: 16516
COMPRESSION RESULT: '1'
COMPRESSED SIZE: 89.82MB
ARCHIVE RUNTIME: 183.13 sec.
MEMORY STACK: 38MB
building installer
ARCHIVE CONSISTENCY TEST: PASS

********************************************************************************
INTEGRITY CHECKS:
********************************************************************************
SQL FILE: 2.96MB
INSTALLER FILE: 73.35KB
ARCHIVE FILE: 91.86MB 
EXPECTED FILE/DIRECTORY COUNT: 16,517
ACTUAL FILE/DIRECTORY COUNT: 16,516
ARCHIVE CONSISTENCY TEST: Pass

********************************************************************************
RECORD ID:[1]
TOTAL PROCESS RUNTIME: 198.25 sec.
PEAK PHP MEMORY USED: 40MB
DONE PROCESSING => 20230131_agronix 31 January، 2023 4:48 am

